2022-11-09 22:14:38.913  INFO 34719 --- [main] c.c.c.ConfigServicePropertySourceLocator : Fetching config from server at : http://localhost:9196
2022-11-09 22:14:40.400  INFO 34719 --- [main] c.c.c.ConfigServicePropertySourceLocator : Located environment: name=ORDER-SERVICE, profiles=[default], label=null, version=9b110f3981c0500acd595b599e582085905970ee, state=null
2022-11-09 22:14:40.406  INFO 34719 --- [main] b.c.PropertySourceBootstrapConfiguration : Located property source: [BootstrapPropertySource {name='bootstrapProperties-configClient'}, BootstrapPropertySource {name='bootstrapProperties-https://github.com/roadmonster/config-server/application.yml'}]
2022-11-09 22:14:40.445  INFO 34719 --- [main] c.h.o.OrderServiceApplication3           : No active profile set, falling back to 1 default profile: "default"
2022-11-09 22:14:41.953  INFO 34719 --- [main] .s.d.r.c.RepositoryConfigurationDelegate : Bootstrapping Spring Data JPA repositories in DEFAULT mode.
2022-11-09 22:14:42.032  INFO 34719 --- [main] .s.d.r.c.RepositoryConfigurationDelegate : Finished Spring Data repository scanning in 68 ms. Found 1 JPA repository interfaces.
2022-11-09 22:14:42.273  INFO 34719 --- [main] o.s.cloud.context.scope.GenericScope     : BeanFactory id=4d1bfad6-7119-3c12-a092-cff20ac57d5e
2022-11-09 22:14:42.732  INFO 34719 --- [main] o.s.b.w.embedded.tomcat.TomcatWebServer  : Tomcat initialized with port(s): 9194 (http)
2022-11-09 22:14:42.741  INFO 34719 --- [main] o.apache.catalina.core.StandardService   : Starting service [Tomcat]
2022-11-09 22:14:42.741  INFO 34719 --- [main] org.apache.catalina.core.StandardEngine  : Starting Servlet engine: [Apache Tomcat/9.0.68]
2022-11-09 22:14:42.937  INFO 34719 --- [main] o.a.c.c.C.[Tomcat].[localhost].[/]       : Initializing Spring embedded WebApplicationContext
2022-11-09 22:14:42.938  INFO 34719 --- [main] w.s.c.ServletWebServerApplicationContext : Root WebApplicationContext: initialization completed in 2379 ms
2022-11-09 22:14:42.988  INFO 34719 --- [main] com.zaxxer.hikari.HikariDataSource       : HikariPool-1 - Starting...
2022-11-09 22:14:43.247  INFO 34719 --- [main] com.zaxxer.hikari.HikariDataSource       : HikariPool-1 - Start completed.
2022-11-09 22:14:43.259  INFO 34719 --- [main] o.s.b.a.h2.H2ConsoleAutoConfiguration    : H2 console available at '/h2-console'. Database available at 'jdbc:h2:mem:db'
2022-11-09 22:14:43.522  INFO 34719 --- [main] o.hibernate.jpa.internal.util.LogHelper  : HHH000204: Processing PersistenceUnitInfo [name: default]
2022-11-09 22:14:43.586  INFO 34719 --- [main] org.hibernate.Version                    : HHH000412: Hibernate ORM core version 5.6.12.Final
2022-11-09 22:14:43.734  INFO 34719 --- [main] o.hibernate.annotations.common.Version   : HCANN000001: Hibernate Commons Annotations {5.1.2.Final}
2022-11-09 22:14:43.838  INFO 34719 --- [main] org.hibernate.dialect.Dialect            : HHH000400: Using dialect: org.hibernate.dialect.H2Dialect
2022-11-09 22:14:44.396  INFO 34719 --- [main] o.h.e.t.j.p.i.JtaPlatformInitiator       : HHH000490: Using JtaPlatform implementation: [org.hibernate.engine.transaction.jta.platform.internal.NoJtaPlatform]
2022-11-09 22:14:44.445  INFO 34719 --- [main] j.LocalContainerEntityManagerFactoryBean : Initialized JPA EntityManagerFactory for persistence unit 'default'
2022-11-09 22:14:44.567  WARN 34719 --- [main] JpaBaseConfiguration$JpaWebConfiguration : spring.jpa.open-in-view is enabled by default. Therefore, database queries may be performed during view rendering. Explicitly configure spring.jpa.open-in-view to disable this warning
2022-11-09 22:14:45.181  INFO 34719 --- [main] DiscoveryClientOptionalArgsConfiguration : Eureka HTTP Client uses RestTemplate.
2022-11-09 22:14:45.300  WARN 34719 --- [main] iguration$LoadBalancerCaffeineWarnLogger : Spring Cloud LoadBalancer is currently working with the default cache. While this cache implementation is useful for development and tests, it's recommended to use Caffeine cache in production.You can switch to using Caffeine cache, by adding it and org.springframework.cache.caffeine.CaffeineCacheManager to the classpath.
2022-11-09 22:14:45.572  INFO 34719 --- [main] o.s.c.n.eureka.InstanceInfoFactory       : Setting initial instance status as: STARTING
2022-11-09 22:14:45.690  INFO 34719 --- [main] com.netflix.discovery.DiscoveryClient    : Initializing Eureka in region us-east-1
2022-11-09 22:14:45.697  INFO 34719 --- [main] c.n.d.s.r.aws.ConfigClusterResolver      : Resolving eureka endpoints via configuration
2022-11-09 22:14:45.809  INFO 34719 --- [main] com.netflix.discovery.DiscoveryClient    : Disable delta property : false
2022-11-09 22:14:45.809  INFO 34719 --- [main] com.netflix.discovery.DiscoveryClient    : Single vip registry refresh property : null
2022-11-09 22:14:45.809  INFO 34719 --- [main] com.netflix.discovery.DiscoveryClient    : Force full registry fetch : false
2022-11-09 22:14:45.809  INFO 34719 --- [main] com.netflix.discovery.DiscoveryClient    : Application is null : false
2022-11-09 22:14:45.809  INFO 34719 --- [main] com.netflix.discovery.DiscoveryClient    : Registered Applications size is zero : true
2022-11-09 22:14:45.810  INFO 34719 --- [main] com.netflix.discovery.DiscoveryClient    : Application version is -1: true
2022-11-09 22:14:45.810  INFO 34719 --- [main] com.netflix.discovery.DiscoveryClient    : Getting all instance registry info from the eureka server
2022-11-09 22:14:46.593  INFO 34719 --- [main] com.netflix.discovery.DiscoveryClient    : The response status is 200
2022-11-09 22:14:46.596  INFO 34719 --- [main] com.netflix.discovery.DiscoveryClient    : Starting heartbeat executor: renew interval is: 30
2022-11-09 22:14:46.599  INFO 34719 --- [main] c.n.discovery.InstanceInfoReplicator     : InstanceInfoReplicator onDemand update allowed rate per min is 4
2022-11-09 22:14:46.604  INFO 34719 --- [main] com.netflix.discovery.DiscoveryClient    : Discovery Client initialized at timestamp 1668060886603 with initial instances count: 3
2022-11-09 22:14:46.607  INFO 34719 --- [main] o.s.c.n.e.s.EurekaServiceRegistry        : Registering application ORDER-SERVICE with eureka with status UP
2022-11-09 22:14:46.607  INFO 34719 --- [main] com.netflix.discovery.DiscoveryClient    : Saw local status change event StatusChangeEvent [timestamp=1668060886607, current=UP, previous=STARTING]
2022-11-09 22:14:46.609  INFO 34719 --- [DiscoveryClient-InstanceInfoReplicator-0] com.netflix.discovery.DiscoveryClient    : DiscoveryClient_ORDER-SERVICE/192.168.0.143:ORDER-SERVICE:9194: registering service...
2022-11-09 22:14:46.668  INFO 34719 --- [main] o.s.b.w.embedded.tomcat.TomcatWebServer  : Tomcat started on port(s): 9194 (http) with context path ''
2022-11-09 22:14:46.670  INFO 34719 --- [main] .s.c.n.e.s.EurekaAutoServiceRegistration : Updating port to 9194
2022-11-09 22:14:46.681  INFO 34719 --- [DiscoveryClient-InstanceInfoReplicator-0] com.netflix.discovery.DiscoveryClient    : DiscoveryClient_ORDER-SERVICE/192.168.0.143:ORDER-SERVICE:9194 - registration status: 204
2022-11-09 22:14:46.710  INFO 34719 --- [main] c.h.o.OrderServiceApplication3           : Started OrderServiceApplication3 in 13.574 seconds (JVM running for 16.083)
2022-11-09 22:17:49.993  INFO 34719 --- [http-nio-9194-exec-1] o.a.c.c.C.[Tomcat].[localhost].[/]       : Initializing Spring DispatcherServlet 'dispatcherServlet'
2022-11-09 22:17:49.998  INFO 34719 --- [http-nio-9194-exec-1] o.s.web.servlet.DispatcherServlet        : Initializing Servlet 'dispatcherServlet'
2022-11-09 22:17:50.024  INFO 34719 --- [http-nio-9194-exec-1] o.s.web.servlet.DispatcherServlet        : Completed initialization in 25 ms
2022-11-09 22:17:50.146  INFO 34719 --- [http-nio-9194-exec-1] c.h.orderservice3.service.OrderService   : Checking inventory for item.
2022-11-09 22:19:45.824  INFO 34719 --- [AsyncResolver-bootstrap-executor-0] c.n.d.s.r.aws.ConfigClusterResolver      : Resolving eureka endpoints via configuration
2022-11-09 22:20:01.857  INFO 34719 --- [SpringApplicationShutdownHook] o.s.c.n.e.s.EurekaServiceRegistry        : Unregistering application ORDER-SERVICE with eureka with status DOWN
2022-11-09 22:20:01.857  INFO 34719 --- [SpringApplicationShutdownHook] com.netflix.discovery.DiscoveryClient    : Saw local status change event StatusChangeEvent [timestamp=1668061201857, current=DOWN, previous=UP]
2022-11-09 22:20:01.858  INFO 34719 --- [DiscoveryClient-InstanceInfoReplicator-0] com.netflix.discovery.DiscoveryClient    : DiscoveryClient_ORDER-SERVICE/192.168.0.143:ORDER-SERVICE:9194: registering service...
2022-11-09 22:20:01.878  INFO 34719 --- [DiscoveryClient-InstanceInfoReplicator-0] com.netflix.discovery.DiscoveryClient    : DiscoveryClient_ORDER-SERVICE/192.168.0.143:ORDER-SERVICE:9194 - registration status: 204
2022-11-09 22:20:01.907  INFO 34719 --- [SpringApplicationShutdownHook] j.LocalContainerEntityManagerFactoryBean : Closing JPA EntityManagerFactory for persistence unit 'default'
2022-11-09 22:20:01.910  INFO 34719 --- [SpringApplicationShutdownHook] .SchemaDropperImpl$DelayedDropActionImpl : HHH000477: Starting delayed evictData of schema as part of SessionFactory shut-down'
2022-11-09 22:20:02.186  INFO 34719 --- [SpringApplicationShutdownHook] com.zaxxer.hikari.HikariDataSource       : HikariPool-1 - Shutdown initiated...
2022-11-09 22:20:02.223  INFO 34719 --- [SpringApplicationShutdownHook] com.zaxxer.hikari.HikariDataSource       : HikariPool-1 - Shutdown completed.
2022-11-09 22:20:02.224  INFO 34719 --- [SpringApplicationShutdownHook] com.netflix.discovery.DiscoveryClient    : Shutting down DiscoveryClient ...
2022-11-09 22:20:05.236  INFO 34719 --- [SpringApplicationShutdownHook] com.netflix.discovery.DiscoveryClient    : Unregistering ...
2022-11-09 22:20:05.245  INFO 34719 --- [SpringApplicationShutdownHook] com.netflix.discovery.DiscoveryClient    : DiscoveryClient_ORDER-SERVICE/192.168.0.143:ORDER-SERVICE:9194 - deregister  status: 200
2022-11-09 22:20:05.253  INFO 34719 --- [SpringApplicationShutdownHook] com.netflix.discovery.DiscoveryClient    : Completed shut down of DiscoveryClient
2022-11-09 22:20:11.345  INFO 34810 --- [main] c.c.c.ConfigServicePropertySourceLocator : Fetching config from server at : http://localhost:9196
2022-11-09 22:20:12.731  INFO 34810 --- [main] c.c.c.ConfigServicePropertySourceLocator : Located environment: name=ORDER-SERVICE, profiles=[default], label=null, version=9b110f3981c0500acd595b599e582085905970ee, state=null
2022-11-09 22:20:12.732  INFO 34810 --- [main] b.c.PropertySourceBootstrapConfiguration : Located property source: [BootstrapPropertySource {name='bootstrapProperties-configClient'}, BootstrapPropertySource {name='bootstrapProperties-https://github.com/roadmonster/config-server/application.yml'}]
2022-11-09 22:20:12.745  INFO 34810 --- [main] c.h.o.OrderServiceApplication3           : No active profile set, falling back to 1 default profile: "default"
2022-11-09 22:20:13.219  INFO 34810 --- [main] .s.d.r.c.RepositoryConfigurationDelegate : Bootstrapping Spring Data JPA repositories in DEFAULT mode.
2022-11-09 22:20:13.271  INFO 34810 --- [main] .s.d.r.c.RepositoryConfigurationDelegate : Finished Spring Data repository scanning in 43 ms. Found 1 JPA repository interfaces.
2022-11-09 22:20:13.469  INFO 34810 --- [main] o.s.cloud.context.scope.GenericScope     : BeanFactory id=4d1bfad6-7119-3c12-a092-cff20ac57d5e
2022-11-09 22:20:13.745  INFO 34810 --- [main] o.s.b.w.embedded.tomcat.TomcatWebServer  : Tomcat initialized with port(s): 9194 (http)
2022-11-09 22:20:13.753  INFO 34810 --- [main] o.apache.catalina.core.StandardService   : Starting service [Tomcat]
2022-11-09 22:20:13.753  INFO 34810 --- [main] org.apache.catalina.core.StandardEngine  : Starting Servlet engine: [Apache Tomcat/9.0.68]
2022-11-09 22:20:13.922  INFO 34810 --- [main] o.a.c.c.C.[Tomcat].[localhost].[/]       : Initializing Spring embedded WebApplicationContext
2022-11-09 22:20:13.923  INFO 34810 --- [main] w.s.c.ServletWebServerApplicationContext : Root WebApplicationContext: initialization completed in 1167 ms
2022-11-09 22:20:13.950  INFO 34810 --- [main] com.zaxxer.hikari.HikariDataSource       : HikariPool-1 - Starting...
2022-11-09 22:20:14.167  INFO 34810 --- [main] com.zaxxer.hikari.HikariDataSource       : HikariPool-1 - Start completed.
2022-11-09 22:20:14.178  INFO 34810 --- [main] o.s.b.a.h2.H2ConsoleAutoConfiguration    : H2 console available at '/h2-console'. Database available at 'jdbc:h2:mem:db'
2022-11-09 22:20:14.311  INFO 34810 --- [main] o.hibernate.jpa.internal.util.LogHelper  : HHH000204: Processing PersistenceUnitInfo [name: default]
2022-11-09 22:20:14.345  INFO 34810 --- [main] org.hibernate.Version                    : HHH000412: Hibernate ORM core version 5.6.12.Final
2022-11-09 22:20:14.455  INFO 34810 --- [main] o.hibernate.annotations.common.Version   : HCANN000001: Hibernate Commons Annotations {5.1.2.Final}
2022-11-09 22:20:14.537  INFO 34810 --- [main] org.hibernate.dialect.Dialect            : HHH000400: Using dialect: org.hibernate.dialect.H2Dialect
2022-11-09 22:20:14.935  INFO 34810 --- [main] o.h.e.t.j.p.i.JtaPlatformInitiator       : HHH000490: Using JtaPlatform implementation: [org.hibernate.engine.transaction.jta.platform.internal.NoJtaPlatform]
2022-11-09 22:20:14.942  INFO 34810 --- [main] j.LocalContainerEntityManagerFactoryBean : Initialized JPA EntityManagerFactory for persistence unit 'default'
2022-11-09 22:20:15.017  WARN 34810 --- [main] JpaBaseConfiguration$JpaWebConfiguration : spring.jpa.open-in-view is enabled by default. Therefore, database queries may be performed during view rendering. Explicitly configure spring.jpa.open-in-view to disable this warning
2022-11-09 22:20:15.540  INFO 34810 --- [main] DiscoveryClientOptionalArgsConfiguration : Eureka HTTP Client uses RestTemplate.
2022-11-09 22:20:15.621  WARN 34810 --- [main] iguration$LoadBalancerCaffeineWarnLogger : Spring Cloud LoadBalancer is currently working with the default cache. While this cache implementation is useful for development and tests, it's recommended to use Caffeine cache in production.You can switch to using Caffeine cache, by adding it and org.springframework.cache.caffeine.CaffeineCacheManager to the classpath.
2022-11-09 22:20:15.678  INFO 34810 --- [main] o.s.c.n.eureka.InstanceInfoFactory       : Setting initial instance status as: STARTING
2022-11-09 22:20:15.707  INFO 34810 --- [main] com.netflix.discovery.DiscoveryClient    : Initializing Eureka in region us-east-1
2022-11-09 22:20:15.711  INFO 34810 --- [main] c.n.d.s.r.aws.ConfigClusterResolver      : Resolving eureka endpoints via configuration
2022-11-09 22:20:15.729  INFO 34810 --- [main] com.netflix.discovery.DiscoveryClient    : Disable delta property : false
2022-11-09 22:20:15.729  INFO 34810 --- [main] com.netflix.discovery.DiscoveryClient    : Single vip registry refresh property : null
2022-11-09 22:20:15.729  INFO 34810 --- [main] com.netflix.discovery.DiscoveryClient    : Force full registry fetch : false
2022-11-09 22:20:15.729  INFO 34810 --- [main] com.netflix.discovery.DiscoveryClient    : Application is null : false
2022-11-09 22:20:15.729  INFO 34810 --- [main] com.netflix.discovery.DiscoveryClient    : Registered Applications size is zero : true
2022-11-09 22:20:15.729  INFO 34810 --- [main] com.netflix.discovery.DiscoveryClient    : Application version is -1: true
2022-11-09 22:20:15.729  INFO 34810 --- [main] com.netflix.discovery.DiscoveryClient    : Getting all instance registry info from the eureka server
2022-11-09 22:20:16.241  INFO 34810 --- [main] com.netflix.discovery.DiscoveryClient    : The response status is 200
2022-11-09 22:20:16.244  INFO 34810 --- [main] com.netflix.discovery.DiscoveryClient    : Starting heartbeat executor: renew interval is: 30
2022-11-09 22:20:16.246  INFO 34810 --- [main] c.n.discovery.InstanceInfoReplicator     : InstanceInfoReplicator onDemand update allowed rate per min is 4
2022-11-09 22:20:16.250  INFO 34810 --- [main] com.netflix.discovery.DiscoveryClient    : Discovery Client initialized at timestamp 1668061216249 with initial instances count: 4
2022-11-09 22:20:16.252  INFO 34810 --- [main] o.s.c.n.e.s.EurekaServiceRegistry        : Registering application ORDER-SERVICE with eureka with status UP
2022-11-09 22:20:16.253  INFO 34810 --- [main] com.netflix.discovery.DiscoveryClient    : Saw local status change event StatusChangeEvent [timestamp=1668061216253, current=UP, previous=STARTING]
2022-11-09 22:20:16.255  INFO 34810 --- [DiscoveryClient-InstanceInfoReplicator-0] com.netflix.discovery.DiscoveryClient    : DiscoveryClient_ORDER-SERVICE/192.168.0.143:ORDER-SERVICE:9194: registering service...
2022-11-09 22:20:16.297  INFO 34810 --- [main] o.s.b.w.embedded.tomcat.TomcatWebServer  : Tomcat started on port(s): 9194 (http) with context path ''
2022-11-09 22:20:16.300  INFO 34810 --- [main] .s.c.n.e.s.EurekaAutoServiceRegistration : Updating port to 9194
2022-11-09 22:20:16.316  INFO 34810 --- [DiscoveryClient-InstanceInfoReplicator-0] com.netflix.discovery.DiscoveryClient    : DiscoveryClient_ORDER-SERVICE/192.168.0.143:ORDER-SERVICE:9194 - registration status: 204
2022-11-09 22:20:16.330  INFO 34810 --- [main] c.h.o.OrderServiceApplication3           : Started OrderServiceApplication3 in 6.15 seconds (JVM running for 7.043)
2022-11-09 22:21:04.782  INFO 34810 --- [http-nio-9194-exec-1] o.a.c.c.C.[Tomcat].[localhost].[/]       : Initializing Spring DispatcherServlet 'dispatcherServlet'
2022-11-09 22:21:04.784  INFO 34810 --- [http-nio-9194-exec-1] o.s.web.servlet.DispatcherServlet        : Initializing Servlet 'dispatcherServlet'
2022-11-09 22:21:04.789  INFO 34810 --- [http-nio-9194-exec-1] o.s.web.servlet.DispatcherServlet        : Completed initialization in 5 ms
2022-11-09 22:21:04.840  INFO 34810 --- [http-nio-9194-exec-1] c.h.orderservice3.service.OrderService   : Checking inventory for item.
2022-11-09 22:22:40.701  INFO 34810 --- [SpringApplicationShutdownHook] o.s.c.n.e.s.EurekaServiceRegistry        : Unregistering application ORDER-SERVICE with eureka with status DOWN
2022-11-09 22:22:40.703  INFO 34810 --- [SpringApplicationShutdownHook] com.netflix.discovery.DiscoveryClient    : Saw local status change event StatusChangeEvent [timestamp=1668061360703, current=DOWN, previous=UP]
2022-11-09 22:22:40.705  INFO 34810 --- [DiscoveryClient-InstanceInfoReplicator-0] com.netflix.discovery.DiscoveryClient    : DiscoveryClient_ORDER-SERVICE/192.168.0.143:ORDER-SERVICE:9194: registering service...
2022-11-09 22:22:40.722  INFO 34810 --- [DiscoveryClient-InstanceInfoReplicator-0] com.netflix.discovery.DiscoveryClient    : DiscoveryClient_ORDER-SERVICE/192.168.0.143:ORDER-SERVICE:9194 - registration status: 204
2022-11-09 22:22:40.740  INFO 34810 --- [SpringApplicationShutdownHook] j.LocalContainerEntityManagerFactoryBean : Closing JPA EntityManagerFactory for persistence unit 'default'
2022-11-09 22:22:40.742  INFO 34810 --- [SpringApplicationShutdownHook] .SchemaDropperImpl$DelayedDropActionImpl : HHH000477: Starting delayed evictData of schema as part of SessionFactory shut-down'
2022-11-09 22:22:40.929  INFO 34810 --- [SpringApplicationShutdownHook] com.zaxxer.hikari.HikariDataSource       : HikariPool-1 - Shutdown initiated...
2022-11-09 22:22:40.944  INFO 34810 --- [SpringApplicationShutdownHook] com.zaxxer.hikari.HikariDataSource       : HikariPool-1 - Shutdown completed.
2022-11-09 22:22:40.945  INFO 34810 --- [SpringApplicationShutdownHook] com.netflix.discovery.DiscoveryClient    : Shutting down DiscoveryClient ...
2022-11-09 22:22:43.952  INFO 34810 --- [SpringApplicationShutdownHook] com.netflix.discovery.DiscoveryClient    : Unregistering ...
2022-11-09 22:22:43.964  INFO 34810 --- [SpringApplicationShutdownHook] com.netflix.discovery.DiscoveryClient    : DiscoveryClient_ORDER-SERVICE/192.168.0.143:ORDER-SERVICE:9194 - deregister  status: 200
2022-11-09 22:22:43.974  INFO 34810 --- [SpringApplicationShutdownHook] com.netflix.discovery.DiscoveryClient    : Completed shut down of DiscoveryClient
2022-11-09 22:22:49.992  INFO 34856 --- [main] c.c.c.ConfigServicePropertySourceLocator : Fetching config from server at : http://localhost:9196
2022-11-09 22:22:51.088  INFO 34856 --- [main] c.c.c.ConfigServicePropertySourceLocator : Located environment: name=ORDER-SERVICE, profiles=[default], label=null, version=9b110f3981c0500acd595b599e582085905970ee, state=null
2022-11-09 22:22:51.090  INFO 34856 --- [main] b.c.PropertySourceBootstrapConfiguration : Located property source: [BootstrapPropertySource {name='bootstrapProperties-configClient'}, BootstrapPropertySource {name='bootstrapProperties-https://github.com/roadmonster/config-server/application.yml'}]
2022-11-09 22:22:51.103  INFO 34856 --- [main] c.h.o.OrderServiceApplication3           : No active profile set, falling back to 1 default profile: "default"
2022-11-09 22:22:51.667  INFO 34856 --- [main] .s.d.r.c.RepositoryConfigurationDelegate : Bootstrapping Spring Data JPA repositories in DEFAULT mode.
2022-11-09 22:22:51.718  INFO 34856 --- [main] .s.d.r.c.RepositoryConfigurationDelegate : Finished Spring Data repository scanning in 43 ms. Found 1 JPA repository interfaces.
2022-11-09 22:22:51.899  INFO 34856 --- [main] o.s.cloud.context.scope.GenericScope     : BeanFactory id=4d1bfad6-7119-3c12-a092-cff20ac57d5e
2022-11-09 22:22:52.190  INFO 34856 --- [main] o.s.b.w.embedded.tomcat.TomcatWebServer  : Tomcat initialized with port(s): 9194 (http)
2022-11-09 22:22:52.198  INFO 34856 --- [main] o.apache.catalina.core.StandardService   : Starting service [Tomcat]
2022-11-09 22:22:52.199  INFO 34856 --- [main] org.apache.catalina.core.StandardEngine  : Starting Servlet engine: [Apache Tomcat/9.0.68]
2022-11-09 22:22:52.398  INFO 34856 --- [main] o.a.c.c.C.[Tomcat].[localhost].[/]       : Initializing Spring embedded WebApplicationContext
2022-11-09 22:22:52.399  INFO 34856 --- [main] w.s.c.ServletWebServerApplicationContext : Root WebApplicationContext: initialization completed in 1282 ms
2022-11-09 22:22:52.434  INFO 34856 --- [main] com.zaxxer.hikari.HikariDataSource       : HikariPool-1 - Starting...
2022-11-09 22:22:52.616  INFO 34856 --- [main] com.zaxxer.hikari.HikariDataSource       : HikariPool-1 - Start completed.
2022-11-09 22:22:52.626  INFO 34856 --- [main] o.s.b.a.h2.H2ConsoleAutoConfiguration    : H2 console available at '/h2-console'. Database available at 'jdbc:h2:mem:db'
2022-11-09 22:22:52.759  INFO 34856 --- [main] o.hibernate.jpa.internal.util.LogHelper  : HHH000204: Processing PersistenceUnitInfo [name: default]
2022-11-09 22:22:52.791  INFO 34856 --- [main] org.hibernate.Version                    : HHH000412: Hibernate ORM core version 5.6.12.Final
2022-11-09 22:22:52.890  INFO 34856 --- [main] o.hibernate.annotations.common.Version   : HCANN000001: Hibernate Commons Annotations {5.1.2.Final}
2022-11-09 22:22:52.971  INFO 34856 --- [main] org.hibernate.dialect.Dialect            : HHH000400: Using dialect: org.hibernate.dialect.H2Dialect
2022-11-09 22:22:53.387  INFO 34856 --- [main] o.h.e.t.j.p.i.JtaPlatformInitiator       : HHH000490: Using JtaPlatform implementation: [org.hibernate.engine.transaction.jta.platform.internal.NoJtaPlatform]
2022-11-09 22:22:53.394  INFO 34856 --- [main] j.LocalContainerEntityManagerFactoryBean : Initialized JPA EntityManagerFactory for persistence unit 'default'
2022-11-09 22:22:53.473  WARN 34856 --- [main] JpaBaseConfiguration$JpaWebConfiguration : spring.jpa.open-in-view is enabled by default. Therefore, database queries may be performed during view rendering. Explicitly configure spring.jpa.open-in-view to disable this warning
2022-11-09 22:22:54.181  INFO 34856 --- [main] DiscoveryClientOptionalArgsConfiguration : Eureka HTTP Client uses RestTemplate.
2022-11-09 22:22:54.267  WARN 34856 --- [main] iguration$LoadBalancerCaffeineWarnLogger : Spring Cloud LoadBalancer is currently working with the default cache. While this cache implementation is useful for development and tests, it's recommended to use Caffeine cache in production.You can switch to using Caffeine cache, by adding it and org.springframework.cache.caffeine.CaffeineCacheManager to the classpath.
2022-11-09 22:22:54.335  INFO 34856 --- [main] o.s.c.n.eureka.InstanceInfoFactory       : Setting initial instance status as: STARTING
2022-11-09 22:22:54.364  INFO 34856 --- [main] com.netflix.discovery.DiscoveryClient    : Initializing Eureka in region us-east-1
2022-11-09 22:22:54.368  INFO 34856 --- [main] c.n.d.s.r.aws.ConfigClusterResolver      : Resolving eureka endpoints via configuration
2022-11-09 22:22:54.403  INFO 34856 --- [main] com.netflix.discovery.DiscoveryClient    : Disable delta property : false
2022-11-09 22:22:54.403  INFO 34856 --- [main] com.netflix.discovery.DiscoveryClient    : Single vip registry refresh property : null
2022-11-09 22:22:54.403  INFO 34856 --- [main] com.netflix.discovery.DiscoveryClient    : Force full registry fetch : false
2022-11-09 22:22:54.403  INFO 34856 --- [main] com.netflix.discovery.DiscoveryClient    : Application is null : false
2022-11-09 22:22:54.403  INFO 34856 --- [main] com.netflix.discovery.DiscoveryClient    : Registered Applications size is zero : true
2022-11-09 22:22:54.403  INFO 34856 --- [main] com.netflix.discovery.DiscoveryClient    : Application version is -1: true
2022-11-09 22:22:54.403  INFO 34856 --- [main] com.netflix.discovery.DiscoveryClient    : Getting all instance registry info from the eureka server
2022-11-09 22:22:54.887  INFO 34856 --- [main] com.netflix.discovery.DiscoveryClient    : The response status is 200
2022-11-09 22:22:54.891  INFO 34856 --- [main] com.netflix.discovery.DiscoveryClient    : Starting heartbeat executor: renew interval is: 30
2022-11-09 22:22:54.893  INFO 34856 --- [main] c.n.discovery.InstanceInfoReplicator     : InstanceInfoReplicator onDemand update allowed rate per min is 4
2022-11-09 22:22:54.898  INFO 34856 --- [main] com.netflix.discovery.DiscoveryClient    : Discovery Client initialized at timestamp 1668061374897 with initial instances count: 4
2022-11-09 22:22:54.900  INFO 34856 --- [main] o.s.c.n.e.s.EurekaServiceRegistry        : Registering application ORDER-SERVICE with eureka with status UP
2022-11-09 22:22:54.900  INFO 34856 --- [main] com.netflix.discovery.DiscoveryClient    : Saw local status change event StatusChangeEvent [timestamp=1668061374900, current=UP, previous=STARTING]
2022-11-09 22:22:54.902  INFO 34856 --- [DiscoveryClient-InstanceInfoReplicator-0] com.netflix.discovery.DiscoveryClient    : DiscoveryClient_ORDER-SERVICE/192.168.0.143:ORDER-SERVICE:9194: registering service...
2022-11-09 22:22:54.942  INFO 34856 --- [main] o.s.b.w.embedded.tomcat.TomcatWebServer  : Tomcat started on port(s): 9194 (http) with context path ''
2022-11-09 22:22:54.943  INFO 34856 --- [main] .s.c.n.e.s.EurekaAutoServiceRegistration : Updating port to 9194
2022-11-09 22:22:54.960  INFO 34856 --- [DiscoveryClient-InstanceInfoReplicator-0] com.netflix.discovery.DiscoveryClient    : DiscoveryClient_ORDER-SERVICE/192.168.0.143:ORDER-SERVICE:9194 - registration status: 204
2022-11-09 22:22:54.974  INFO 34856 --- [main] c.h.o.OrderServiceApplication3           : Started OrderServiceApplication3 in 6.186 seconds (JVM running for 7.294)
2022-11-09 22:23:28.821  INFO 34856 --- [http-nio-9194-exec-1] o.a.c.c.C.[Tomcat].[localhost].[/]       : Initializing Spring DispatcherServlet 'dispatcherServlet'
2022-11-09 22:23:28.823  INFO 34856 --- [http-nio-9194-exec-1] o.s.web.servlet.DispatcherServlet        : Initializing Servlet 'dispatcherServlet'
2022-11-09 22:23:28.826  INFO 34856 --- [http-nio-9194-exec-1] o.s.web.servlet.DispatcherServlet        : Completed initialization in 2 ms
2022-11-09 22:23:28.881  INFO 34856 --- [http-nio-9194-exec-1] c.h.orderservice3.service.OrderService   : Checking inventory for item.
2022-11-09 22:23:29.123  INFO 34856 --- [http-nio-9194-exec-1] c.h.orderservice3.service.OrderService   : Sending request to payment service
2022-11-09 22:23:30.130  INFO 34856 --- [http-nio-9194-exec-1] c.h.orderservice3.service.OrderService   : Execute inventory request.
2022-11-09 22:23:35.144  INFO 34856 --- [http-nio-9194-exec-2] c.h.orderservice3.service.OrderService   : Checking inventory for item.
2022-11-09 22:23:35.155  INFO 34856 --- [http-nio-9194-exec-2] c.h.orderservice3.service.OrderService   : Sending request to payment service
2022-11-09 22:23:35.506  INFO 34856 --- [http-nio-9194-exec-2] c.h.orderservice3.service.OrderService   : Execute inventory request.
2022-11-09 22:25:13.790  INFO 34856 --- [SpringApplicationShutdownHook] o.s.c.n.e.s.EurekaServiceRegistry        : Unregistering application ORDER-SERVICE with eureka with status DOWN
2022-11-09 22:25:13.792  INFO 34856 --- [SpringApplicationShutdownHook] com.netflix.discovery.DiscoveryClient    : Saw local status change event StatusChangeEvent [timestamp=1668061513792, current=DOWN, previous=UP]
2022-11-09 22:25:13.793  INFO 34856 --- [DiscoveryClient-InstanceInfoReplicator-0] com.netflix.discovery.DiscoveryClient    : DiscoveryClient_ORDER-SERVICE/192.168.0.143:ORDER-SERVICE:9194: registering service...
2022-11-09 22:25:13.814  INFO 34856 --- [DiscoveryClient-InstanceInfoReplicator-0] com.netflix.discovery.DiscoveryClient    : DiscoveryClient_ORDER-SERVICE/192.168.0.143:ORDER-SERVICE:9194 - registration status: 204
2022-11-09 22:25:13.856  INFO 34856 --- [SpringApplicationShutdownHook] j.LocalContainerEntityManagerFactoryBean : Closing JPA EntityManagerFactory for persistence unit 'default'
2022-11-09 22:25:13.859  INFO 34856 --- [SpringApplicationShutdownHook] .SchemaDropperImpl$DelayedDropActionImpl : HHH000477: Starting delayed evictData of schema as part of SessionFactory shut-down'
2022-11-09 22:25:14.011  INFO 34856 --- [SpringApplicationShutdownHook] com.zaxxer.hikari.HikariDataSource       : HikariPool-1 - Shutdown initiated...
2022-11-09 22:25:14.028  INFO 34856 --- [SpringApplicationShutdownHook] com.zaxxer.hikari.HikariDataSource       : HikariPool-1 - Shutdown completed.
2022-11-09 22:25:14.029  INFO 34856 --- [SpringApplicationShutdownHook] com.netflix.discovery.DiscoveryClient    : Shutting down DiscoveryClient ...
2022-11-09 22:25:17.039  INFO 34856 --- [SpringApplicationShutdownHook] com.netflix.discovery.DiscoveryClient    : Unregistering ...
2022-11-09 22:25:17.049  INFO 34856 --- [SpringApplicationShutdownHook] com.netflix.discovery.DiscoveryClient    : DiscoveryClient_ORDER-SERVICE/192.168.0.143:ORDER-SERVICE:9194 - deregister  status: 200
2022-11-09 22:25:17.056  INFO 34856 --- [SpringApplicationShutdownHook] com.netflix.discovery.DiscoveryClient    : Completed shut down of DiscoveryClient
2022-11-09 22:25:23.697  INFO 34897 --- [main] c.c.c.ConfigServicePropertySourceLocator : Fetching config from server at : http://localhost:9196
2022-11-09 22:25:24.652  INFO 34897 --- [main] c.c.c.ConfigServicePropertySourceLocator : Located environment: name=ORDER-SERVICE, profiles=[default], label=null, version=9b110f3981c0500acd595b599e582085905970ee, state=null
2022-11-09 22:25:24.653  INFO 34897 --- [main] b.c.PropertySourceBootstrapConfiguration : Located property source: [BootstrapPropertySource {name='bootstrapProperties-configClient'}, BootstrapPropertySource {name='bootstrapProperties-https://github.com/roadmonster/config-server/application.yml'}]
2022-11-09 22:25:24.667  INFO 34897 --- [main] c.h.o.OrderServiceApplication3           : No active profile set, falling back to 1 default profile: "default"
2022-11-09 22:25:25.207  INFO 34897 --- [main] .s.d.r.c.RepositoryConfigurationDelegate : Bootstrapping Spring Data JPA repositories in DEFAULT mode.
2022-11-09 22:25:25.260  INFO 34897 --- [main] .s.d.r.c.RepositoryConfigurationDelegate : Finished Spring Data repository scanning in 44 ms. Found 1 JPA repository interfaces.
2022-11-09 22:25:25.461  INFO 34897 --- [main] o.s.cloud.context.scope.GenericScope     : BeanFactory id=4d1bfad6-7119-3c12-a092-cff20ac57d5e
2022-11-09 22:25:25.730  INFO 34897 --- [main] o.s.b.w.embedded.tomcat.TomcatWebServer  : Tomcat initialized with port(s): 9194 (http)
2022-11-09 22:25:25.738  INFO 34897 --- [main] o.apache.catalina.core.StandardService   : Starting service [Tomcat]
2022-11-09 22:25:25.738  INFO 34897 --- [main] org.apache.catalina.core.StandardEngine  : Starting Servlet engine: [Apache Tomcat/9.0.68]
2022-11-09 22:25:25.915  INFO 34897 --- [main] o.a.c.c.C.[Tomcat].[localhost].[/]       : Initializing Spring embedded WebApplicationContext
2022-11-09 22:25:25.915  INFO 34897 --- [main] w.s.c.ServletWebServerApplicationContext : Root WebApplicationContext: initialization completed in 1236 ms
2022-11-09 22:25:25.951  INFO 34897 --- [main] com.zaxxer.hikari.HikariDataSource       : HikariPool-1 - Starting...
2022-11-09 22:25:26.155  INFO 34897 --- [main] com.zaxxer.hikari.HikariDataSource       : HikariPool-1 - Start completed.
2022-11-09 22:25:26.166  INFO 34897 --- [main] o.s.b.a.h2.H2ConsoleAutoConfiguration    : H2 console available at '/h2-console'. Database available at 'jdbc:h2:mem:db'
2022-11-09 22:25:26.296  INFO 34897 --- [main] o.hibernate.jpa.internal.util.LogHelper  : HHH000204: Processing PersistenceUnitInfo [name: default]
2022-11-09 22:25:26.337  INFO 34897 --- [main] org.hibernate.Version                    : HHH000412: Hibernate ORM core version 5.6.12.Final
2022-11-09 22:25:26.468  INFO 34897 --- [main] o.hibernate.annotations.common.Version   : HCANN000001: Hibernate Commons Annotations {5.1.2.Final}
2022-11-09 22:25:26.556  INFO 34897 --- [main] org.hibernate.dialect.Dialect            : HHH000400: Using dialect: org.hibernate.dialect.H2Dialect
2022-11-09 22:25:26.984  INFO 34897 --- [main] o.h.e.t.j.p.i.JtaPlatformInitiator       : HHH000490: Using JtaPlatform implementation: [org.hibernate.engine.transaction.jta.platform.internal.NoJtaPlatform]
2022-11-09 22:25:26.991  INFO 34897 --- [main] j.LocalContainerEntityManagerFactoryBean : Initialized JPA EntityManagerFactory for persistence unit 'default'
2022-11-09 22:25:27.069  WARN 34897 --- [main] JpaBaseConfiguration$JpaWebConfiguration : spring.jpa.open-in-view is enabled by default. Therefore, database queries may be performed during view rendering. Explicitly configure spring.jpa.open-in-view to disable this warning
2022-11-09 22:25:27.614  INFO 34897 --- [main] DiscoveryClientOptionalArgsConfiguration : Eureka HTTP Client uses RestTemplate.
2022-11-09 22:25:27.695  WARN 34897 --- [main] iguration$LoadBalancerCaffeineWarnLogger : Spring Cloud LoadBalancer is currently working with the default cache. While this cache implementation is useful for development and tests, it's recommended to use Caffeine cache in production.You can switch to using Caffeine cache, by adding it and org.springframework.cache.caffeine.CaffeineCacheManager to the classpath.
2022-11-09 22:25:27.752  INFO 34897 --- [main] o.s.c.n.eureka.InstanceInfoFactory       : Setting initial instance status as: STARTING
2022-11-09 22:25:27.780  INFO 34897 --- [main] com.netflix.discovery.DiscoveryClient    : Initializing Eureka in region us-east-1
2022-11-09 22:25:27.784  INFO 34897 --- [main] c.n.d.s.r.aws.ConfigClusterResolver      : Resolving eureka endpoints via configuration
2022-11-09 22:25:27.801  INFO 34897 --- [main] com.netflix.discovery.DiscoveryClient    : Disable delta property : false
2022-11-09 22:25:27.802  INFO 34897 --- [main] com.netflix.discovery.DiscoveryClient    : Single vip registry refresh property : null
2022-11-09 22:25:27.802  INFO 34897 --- [main] com.netflix.discovery.DiscoveryClient    : Force full registry fetch : false
2022-11-09 22:25:27.802  INFO 34897 --- [main] com.netflix.discovery.DiscoveryClient    : Application is null : false
2022-11-09 22:25:27.802  INFO 34897 --- [main] com.netflix.discovery.DiscoveryClient    : Registered Applications size is zero : true
2022-11-09 22:25:27.802  INFO 34897 --- [main] com.netflix.discovery.DiscoveryClient    : Application version is -1: true
2022-11-09 22:25:27.802  INFO 34897 --- [main] com.netflix.discovery.DiscoveryClient    : Getting all instance registry info from the eureka server
2022-11-09 22:25:28.267  INFO 34897 --- [main] com.netflix.discovery.DiscoveryClient    : The response status is 200
2022-11-09 22:25:28.271  INFO 34897 --- [main] com.netflix.discovery.DiscoveryClient    : Starting heartbeat executor: renew interval is: 30
2022-11-09 22:25:28.273  INFO 34897 --- [main] c.n.discovery.InstanceInfoReplicator     : InstanceInfoReplicator onDemand update allowed rate per min is 4
2022-11-09 22:25:28.279  INFO 34897 --- [main] com.netflix.discovery.DiscoveryClient    : Discovery Client initialized at timestamp 1668061528278 with initial instances count: 5
2022-11-09 22:25:28.282  INFO 34897 --- [main] o.s.c.n.e.s.EurekaServiceRegistry        : Registering application ORDER-SERVICE with eureka with status UP
2022-11-09 22:25:28.282  INFO 34897 --- [main] com.netflix.discovery.DiscoveryClient    : Saw local status change event StatusChangeEvent [timestamp=1668061528282, current=UP, previous=STARTING]
2022-11-09 22:25:28.284  INFO 34897 --- [DiscoveryClient-InstanceInfoReplicator-0] com.netflix.discovery.DiscoveryClient    : DiscoveryClient_ORDER-SERVICE/192.168.0.143:ORDER-SERVICE:9194: registering service...
2022-11-09 22:25:28.335  INFO 34897 --- [main] o.s.b.w.embedded.tomcat.TomcatWebServer  : Tomcat started on port(s): 9194 (http) with context path ''
2022-11-09 22:25:28.336  INFO 34897 --- [main] .s.c.n.e.s.EurekaAutoServiceRegistration : Updating port to 9194
2022-11-09 22:25:28.362  INFO 34897 --- [DiscoveryClient-InstanceInfoReplicator-0] com.netflix.discovery.DiscoveryClient    : DiscoveryClient_ORDER-SERVICE/192.168.0.143:ORDER-SERVICE:9194 - registration status: 204
2022-11-09 22:25:28.383  INFO 34897 --- [main] c.h.o.OrderServiceApplication3           : Started OrderServiceApplication3 in 5.912 seconds (JVM running for 7.002)
2022-11-09 22:25:58.002  INFO 34897 --- [http-nio-9194-exec-1] o.a.c.c.C.[Tomcat].[localhost].[/]       : Initializing Spring DispatcherServlet 'dispatcherServlet'
2022-11-09 22:25:58.003  INFO 34897 --- [http-nio-9194-exec-1] o.s.web.servlet.DispatcherServlet        : Initializing Servlet 'dispatcherServlet'
2022-11-09 22:25:58.005  INFO 34897 --- [http-nio-9194-exec-1] o.s.web.servlet.DispatcherServlet        : Completed initialization in 2 ms
2022-11-09 22:25:58.050  INFO 34897 --- [http-nio-9194-exec-1] c.h.orderservice3.service.OrderService   : Checking inventory for item.
2022-11-09 22:25:58.238  INFO 34897 --- [http-nio-9194-exec-1] c.h.orderservice3.service.OrderService   : Sending request to payment service
2022-11-09 22:25:58.339  INFO 34897 --- [http-nio-9194-exec-1] c.h.orderservice3.service.OrderService   : Execute inventory request.
2022-11-09 22:30:27.812  INFO 34897 --- [AsyncResolver-bootstrap-executor-0] c.n.d.s.r.aws.ConfigClusterResolver      : Resolving eureka endpoints via configuration
2022-11-09 22:33:18.482  INFO 34897 --- [http-nio-9194-exec-3] c.h.orderservice3.service.OrderService   : Checking inventory for item.
2022-11-09 22:33:18.507  INFO 34897 --- [http-nio-9194-exec-3] c.h.orderservice3.service.OrderService   : Sending request to payment service
2022-11-09 22:33:18.550  INFO 34897 --- [http-nio-9194-exec-3] c.h.orderservice3.service.OrderService   : Execute inventory request.
2022-11-09 22:35:27.828  INFO 34897 --- [AsyncResolver-bootstrap-executor-0] c.n.d.s.r.aws.ConfigClusterResolver      : Resolving eureka endpoints via configuration
2022-11-09 22:36:57.391  INFO 34897 --- [http-nio-9194-exec-5] c.h.orderservice3.service.OrderService   : Checking inventory for item.
2022-11-09 22:36:57.443  INFO 34897 --- [http-nio-9194-exec-5] c.h.orderservice3.service.OrderService   : Sending request to payment service
2022-11-09 22:36:57.477  INFO 34897 --- [http-nio-9194-exec-5] c.h.orderservice3.service.OrderService   : Execute inventory request.
2022-11-09 22:37:13.991  INFO 34897 --- [http-nio-9194-exec-6] c.h.orderservice3.service.OrderService   : Checking inventory for item.
2022-11-09 22:37:13.998  INFO 34897 --- [http-nio-9194-exec-6] c.h.orderservice3.service.OrderService   : Sending request to payment service
2022-11-09 22:37:14.021  INFO 34897 --- [http-nio-9194-exec-6] c.h.orderservice3.service.OrderService   : Execute inventory request.
2022-11-09 22:37:15.742  INFO 34897 --- [http-nio-9194-exec-7] c.h.orderservice3.service.OrderService   : Checking inventory for item.
2022-11-09 22:37:15.754  INFO 34897 --- [http-nio-9194-exec-7] c.h.orderservice3.service.OrderService   : Sending request to payment service
2022-11-09 22:37:15.772  INFO 34897 --- [http-nio-9194-exec-7] c.h.orderservice3.service.OrderService   : Execute inventory request.
2022-11-09 22:40:27.841  INFO 34897 --- [AsyncResolver-bootstrap-executor-0] c.n.d.s.r.aws.ConfigClusterResolver      : Resolving eureka endpoints via configuration
2022-11-09 22:43:30.197  INFO 34897 --- [SpringApplicationShutdownHook] o.s.c.n.e.s.EurekaServiceRegistry        : Unregistering application ORDER-SERVICE with eureka with status DOWN
2022-11-09 22:43:30.205  INFO 34897 --- [SpringApplicationShutdownHook] com.netflix.discovery.DiscoveryClient    : Saw local status change event StatusChangeEvent [timestamp=1668062610205, current=DOWN, previous=UP]
2022-11-09 22:43:30.207  INFO 34897 --- [DiscoveryClient-InstanceInfoReplicator-0] com.netflix.discovery.DiscoveryClient    : DiscoveryClient_ORDER-SERVICE/192.168.0.143:ORDER-SERVICE:9194: registering service...
2022-11-09 22:43:30.233  INFO 34897 --- [DiscoveryClient-InstanceInfoReplicator-0] com.netflix.discovery.DiscoveryClient    : DiscoveryClient_ORDER-SERVICE/192.168.0.143:ORDER-SERVICE:9194 - registration status: 204
2022-11-09 22:43:30.319  INFO 34897 --- [SpringApplicationShutdownHook] j.LocalContainerEntityManagerFactoryBean : Closing JPA EntityManagerFactory for persistence unit 'default'
2022-11-09 22:43:30.322  INFO 34897 --- [SpringApplicationShutdownHook] .SchemaDropperImpl$DelayedDropActionImpl : HHH000477: Starting delayed evictData of schema as part of SessionFactory shut-down'
2022-11-09 22:43:30.419  INFO 34897 --- [SpringApplicationShutdownHook] com.zaxxer.hikari.HikariDataSource       : HikariPool-1 - Shutdown initiated...
2022-11-09 22:43:30.443  INFO 34897 --- [SpringApplicationShutdownHook] com.zaxxer.hikari.HikariDataSource       : HikariPool-1 - Shutdown completed.
2022-11-09 22:43:30.449  INFO 34897 --- [SpringApplicationShutdownHook] com.netflix.discovery.DiscoveryClient    : Shutting down DiscoveryClient ...
2022-11-09 22:43:33.461  INFO 34897 --- [SpringApplicationShutdownHook] com.netflix.discovery.DiscoveryClient    : Unregistering ...
2022-11-09 22:43:33.477  INFO 34897 --- [SpringApplicationShutdownHook] com.netflix.discovery.DiscoveryClient    : DiscoveryClient_ORDER-SERVICE/192.168.0.143:ORDER-SERVICE:9194 - deregister  status: 200
2022-11-09 22:43:33.486  INFO 34897 --- [SpringApplicationShutdownHook] com.netflix.discovery.DiscoveryClient    : Completed shut down of DiscoveryClient
