2022-11-07 11:15:07.799  INFO 2952 --- [main] c.c.c.ConfigServicePropertySourceLocator : Fetching config from server at : http://localhost:9196
2022-11-07 11:15:11.850  INFO 2952 --- [main] c.c.c.ConfigServicePropertySourceLocator : Located environment: name=ORDER-SERVICE, profiles=[default], label=null, version=09c46f582fc6fcb514c97cff0bd96ee17c5e8082, state=null
2022-11-07 11:15:11.854  INFO 2952 --- [main] b.c.PropertySourceBootstrapConfiguration : Located property source: [BootstrapPropertySource {name='bootstrapProperties-configClient'}, BootstrapPropertySource {name='bootstrapProperties-https://github.com/roadmonster/config-server/application.yml'}]
2022-11-07 11:15:11.881  INFO 2952 --- [main] c.h.o.OrderServiceApplication            : No active profile set, falling back to 1 default profile: "default"
2022-11-07 11:15:12.932  INFO 2952 --- [main] .s.d.r.c.RepositoryConfigurationDelegate : Bootstrapping Spring Data JPA repositories in DEFAULT mode.
2022-11-07 11:15:13.031  INFO 2952 --- [main] .s.d.r.c.RepositoryConfigurationDelegate : Finished Spring Data repository scanning in 86 ms. Found 1 JPA repository interfaces.
2022-11-07 11:15:13.511  INFO 2952 --- [main] o.s.cloud.context.scope.GenericScope     : BeanFactory id=0adb5753-913b-3921-aefe-763e9351731c
2022-11-07 11:15:14.011  INFO 2952 --- [main] o.s.b.w.embedded.tomcat.TomcatWebServer  : Tomcat initialized with port(s): 9192 (http)
2022-11-07 11:15:14.022  INFO 2952 --- [main] o.apache.catalina.core.StandardService   : Starting service [Tomcat]
2022-11-07 11:15:14.023  INFO 2952 --- [main] org.apache.catalina.core.StandardEngine  : Starting Servlet engine: [Apache Tomcat/9.0.68]
2022-11-07 11:15:14.261  INFO 2952 --- [main] o.a.c.c.C.[Tomcat].[localhost].[/]       : Initializing Spring embedded WebApplicationContext
2022-11-07 11:15:14.262  INFO 2952 --- [main] w.s.c.ServletWebServerApplicationContext : Root WebApplicationContext: initialization completed in 2359 ms
2022-11-07 11:15:14.413  INFO 2952 --- [main] com.zaxxer.hikari.HikariDataSource       : HikariPool-1 - Starting...
2022-11-07 11:15:14.562  INFO 2952 --- [main] com.zaxxer.hikari.HikariDataSource       : HikariPool-1 - Start completed.
2022-11-07 11:15:14.576  INFO 2952 --- [main] o.s.b.a.h2.H2ConsoleAutoConfiguration    : H2 console available at '/h2-console'. Database available at 'jdbc:h2:mem:db'
2022-11-07 11:15:14.727  INFO 2952 --- [main] o.hibernate.jpa.internal.util.LogHelper  : HHH000204: Processing PersistenceUnitInfo [name: default]
2022-11-07 11:15:14.775  INFO 2952 --- [main] org.hibernate.Version                    : HHH000412: Hibernate ORM core version 5.6.12.Final
2022-11-07 11:15:14.944  INFO 2952 --- [main] o.hibernate.annotations.common.Version   : HCANN000001: Hibernate Commons Annotations {5.1.2.Final}
2022-11-07 11:15:15.052  INFO 2952 --- [main] org.hibernate.dialect.Dialect            : HHH000400: Using dialect: org.hibernate.dialect.H2Dialect
2022-11-07 11:15:15.683  INFO 2952 --- [main] o.h.e.t.j.p.i.JtaPlatformInitiator       : HHH000490: Using JtaPlatform implementation: [org.hibernate.engine.transaction.jta.platform.internal.NoJtaPlatform]
2022-11-07 11:15:15.690  INFO 2952 --- [main] j.LocalContainerEntityManagerFactoryBean : Initialized JPA EntityManagerFactory for persistence unit 'default'
2022-11-07 11:15:15.808  WARN 2952 --- [main] JpaBaseConfiguration$JpaWebConfiguration : spring.jpa.open-in-view is enabled by default. Therefore, database queries may be performed during view rendering. Explicitly configure spring.jpa.open-in-view to disable this warning
2022-11-07 11:15:16.531  INFO 2952 --- [main] DiscoveryClientOptionalArgsConfiguration : Eureka HTTP Client uses RestTemplate.
2022-11-07 11:15:16.625  WARN 2952 --- [main] iguration$LoadBalancerCaffeineWarnLogger : Spring Cloud LoadBalancer is currently working with the default cache. While this cache implementation is useful for development and tests, it's recommended to use Caffeine cache in production.You can switch to using Caffeine cache, by adding it and org.springframework.cache.caffeine.CaffeineCacheManager to the classpath.
2022-11-07 11:15:16.704  INFO 2952 --- [main] o.s.c.n.eureka.InstanceInfoFactory       : Setting initial instance status as: STARTING
2022-11-07 11:15:16.736  INFO 2952 --- [main] com.netflix.discovery.DiscoveryClient    : Initializing Eureka in region us-east-1
2022-11-07 11:15:16.742  INFO 2952 --- [main] c.n.d.s.r.aws.ConfigClusterResolver      : Resolving eureka endpoints via configuration
2022-11-07 11:15:16.768  INFO 2952 --- [main] com.netflix.discovery.DiscoveryClient    : Disable delta property : false
2022-11-07 11:15:16.769  INFO 2952 --- [main] com.netflix.discovery.DiscoveryClient    : Single vip registry refresh property : null
2022-11-07 11:15:16.769  INFO 2952 --- [main] com.netflix.discovery.DiscoveryClient    : Force full registry fetch : false
2022-11-07 11:15:16.769  INFO 2952 --- [main] com.netflix.discovery.DiscoveryClient    : Application is null : false
2022-11-07 11:15:16.769  INFO 2952 --- [main] com.netflix.discovery.DiscoveryClient    : Registered Applications size is zero : true
2022-11-07 11:15:16.769  INFO 2952 --- [main] com.netflix.discovery.DiscoveryClient    : Application version is -1: true
2022-11-07 11:15:16.769  INFO 2952 --- [main] com.netflix.discovery.DiscoveryClient    : Getting all instance registry info from the eureka server
2022-11-07 11:15:17.318  INFO 2952 --- [main] com.netflix.discovery.DiscoveryClient    : The response status is 200
2022-11-07 11:15:17.324  INFO 2952 --- [main] com.netflix.discovery.DiscoveryClient    : Starting heartbeat executor: renew interval is: 30
2022-11-07 11:15:17.328  INFO 2952 --- [main] c.n.discovery.InstanceInfoReplicator     : InstanceInfoReplicator onDemand update allowed rate per min is 4
2022-11-07 11:15:17.333  INFO 2952 --- [main] com.netflix.discovery.DiscoveryClient    : Discovery Client initialized at timestamp 1667848517332 with initial instances count: 4
2022-11-07 11:15:17.336  INFO 2952 --- [main] o.s.c.n.e.s.EurekaServiceRegistry        : Registering application ORDER-SERVICE with eureka with status UP
2022-11-07 11:15:17.336  INFO 2952 --- [main] com.netflix.discovery.DiscoveryClient    : Saw local status change event StatusChangeEvent [timestamp=1667848517336, current=UP, previous=STARTING]
2022-11-07 11:15:17.339  INFO 2952 --- [DiscoveryClient-InstanceInfoReplicator-0] com.netflix.discovery.DiscoveryClient    : DiscoveryClient_ORDER-SERVICE/192.168.0.143:ORDER-SERVICE:9192: registering service...
2022-11-07 11:15:17.398  INFO 2952 --- [main] o.s.b.w.embedded.tomcat.TomcatWebServer  : Tomcat started on port(s): 9192 (http) with context path ''
2022-11-07 11:15:17.399  INFO 2952 --- [main] .s.c.n.e.s.EurekaAutoServiceRegistration : Updating port to 9192
2022-11-07 11:15:17.419  INFO 2952 --- [DiscoveryClient-InstanceInfoReplicator-0] com.netflix.discovery.DiscoveryClient    : DiscoveryClient_ORDER-SERVICE/192.168.0.143:ORDER-SERVICE:9192 - registration status: 204
2022-11-07 11:15:17.436  INFO 2952 --- [main] c.h.o.OrderServiceApplication            : Started OrderServiceApplication in 10.913 seconds (JVM running for 13.029)
2022-11-07 11:15:47.446  INFO 2952 --- [http-nio-9192-exec-1] o.a.c.c.C.[Tomcat].[localhost].[/]       : Initializing Spring DispatcherServlet 'dispatcherServlet'
2022-11-07 11:15:47.447  INFO 2952 --- [http-nio-9192-exec-1] o.s.web.servlet.DispatcherServlet        : Initializing Servlet 'dispatcherServlet'
2022-11-07 11:15:47.453  INFO 2952 --- [http-nio-9192-exec-1] o.s.web.servlet.DispatcherServlet        : Completed initialization in 5 ms
2022-11-07 11:15:47.520  INFO 2952 --- [http-nio-9192-exec-1] c.hao.orderservice.service.OrderService  : Order service request {"order":{"id":0,"name":"ccccc","qty":3222225,"price":1.0},"payment":{"paymentId":0,"transactionStatus":null,"transactionId":null,"orderId":0,"amount":0.0}}
2022-11-07 11:15:47.617  INFO 2952 --- [http-nio-9192-exec-1] c.hao.orderservice.service.OrderService  : Saved order to DB
2022-11-07 11:15:47.617  INFO 2952 --- [http-nio-9192-exec-1] c.hao.orderservice.service.OrderService  : Sending request to payment service
2022-11-07 11:15:48.017  INFO 2952 --- [http-nio-9192-exec-1] c.hao.orderservice.service.OrderService  : Order service getting response from payment service"Payment failed"
2022-11-07 11:16:32.337  INFO 2952 --- [SpringApplicationShutdownHook] o.s.c.n.e.s.EurekaServiceRegistry        : Unregistering application ORDER-SERVICE with eureka with status DOWN
2022-11-07 11:16:32.339  INFO 2952 --- [SpringApplicationShutdownHook] com.netflix.discovery.DiscoveryClient    : Saw local status change event StatusChangeEvent [timestamp=1667848592339, current=DOWN, previous=UP]
2022-11-07 11:16:32.347  INFO 2952 --- [DiscoveryClient-InstanceInfoReplicator-0] com.netflix.discovery.DiscoveryClient    : DiscoveryClient_ORDER-SERVICE/192.168.0.143:ORDER-SERVICE:9192: registering service...
2022-11-07 11:16:32.428  INFO 2952 --- [DiscoveryClient-InstanceInfoReplicator-0] com.netflix.discovery.DiscoveryClient    : DiscoveryClient_ORDER-SERVICE/192.168.0.143:ORDER-SERVICE:9192 - registration status: 204
2022-11-07 11:16:32.547  INFO 2952 --- [SpringApplicationShutdownHook] j.LocalContainerEntityManagerFactoryBean : Closing JPA EntityManagerFactory for persistence unit 'default'
2022-11-07 11:16:32.551  INFO 2952 --- [SpringApplicationShutdownHook] .SchemaDropperImpl$DelayedDropActionImpl : HHH000477: Starting delayed evictData of schema as part of SessionFactory shut-down'
2022-11-07 11:16:32.592  INFO 2952 --- [SpringApplicationShutdownHook] com.zaxxer.hikari.HikariDataSource       : HikariPool-1 - Shutdown initiated...
2022-11-07 11:16:32.599  INFO 2952 --- [SpringApplicationShutdownHook] com.zaxxer.hikari.HikariDataSource       : HikariPool-1 - Shutdown completed.
2022-11-07 11:16:32.602  INFO 2952 --- [SpringApplicationShutdownHook] com.netflix.discovery.DiscoveryClient    : Shutting down DiscoveryClient ...
2022-11-07 11:16:35.615  INFO 2952 --- [SpringApplicationShutdownHook] com.netflix.discovery.DiscoveryClient    : Unregistering ...
2022-11-07 11:16:35.629  INFO 2952 --- [SpringApplicationShutdownHook] com.netflix.discovery.DiscoveryClient    : DiscoveryClient_ORDER-SERVICE/192.168.0.143:ORDER-SERVICE:9192 - deregister  status: 200
2022-11-07 11:16:35.642  INFO 2952 --- [SpringApplicationShutdownHook] com.netflix.discovery.DiscoveryClient    : Completed shut down of DiscoveryClient
