2022-11-09 22:14:15.587  INFO 34702 --- [main] c.c.c.ConfigServicePropertySourceLocator : Fetching config from server at : http://localhost:9196
2022-11-09 22:14:16.517  INFO 34702 --- [main] c.c.c.ConfigServicePropertySourceLocator : Connect Timeout Exception on Url - http://localhost:9196. Will be trying the next url if available
2022-11-09 22:14:16.518  WARN 34702 --- [main] c.c.c.ConfigServicePropertySourceLocator : Could not locate PropertySource: I/O error on GET request for "http://localhost:9196/PAYMENT-SERVICE/default": Connection refused (Connection refused); nested exception is java.net.ConnectException: Connection refused (Connection refused)
2022-11-09 22:14:16.537  INFO 34702 --- [main] c.h.p.PaymentServiceApplication          : No active profile set, falling back to 1 default profile: "default"
2022-11-09 22:14:19.607  INFO 34702 --- [main] .s.d.r.c.RepositoryConfigurationDelegate : Bootstrapping Spring Data JPA repositories in DEFAULT mode.
2022-11-09 22:14:19.912  INFO 34702 --- [main] .s.d.r.c.RepositoryConfigurationDelegate : Finished Spring Data repository scanning in 233 ms. Found 1 JPA repository interfaces.
2022-11-09 22:14:20.760  INFO 34702 --- [main] o.s.cloud.context.scope.GenericScope     : BeanFactory id=9b68914d-ca7d-3f54-b9c6-434ad1d0bf89
2022-11-09 22:14:22.652  INFO 34702 --- [main] o.s.b.w.embedded.tomcat.TomcatWebServer  : Tomcat initialized with port(s): 9191 (http)
2022-11-09 22:14:22.688  INFO 34702 --- [main] o.apache.catalina.core.StandardService   : Starting service [Tomcat]
2022-11-09 22:14:22.688  INFO 34702 --- [main] org.apache.catalina.core.StandardEngine  : Starting Servlet engine: [Apache Tomcat/9.0.68]
2022-11-09 22:14:23.168  INFO 34702 --- [main] o.a.c.c.C.[Tomcat].[localhost].[/]       : Initializing Spring embedded WebApplicationContext
2022-11-09 22:14:23.169  INFO 34702 --- [main] w.s.c.ServletWebServerApplicationContext : Root WebApplicationContext: initialization completed in 6578 ms
2022-11-09 22:14:23.249  INFO 34702 --- [main] com.zaxxer.hikari.HikariDataSource       : HikariPool-1 - Starting...
2022-11-09 22:14:23.773  INFO 34702 --- [main] com.zaxxer.hikari.HikariDataSource       : HikariPool-1 - Start completed.
2022-11-09 22:14:23.813  INFO 34702 --- [main] o.s.b.a.h2.H2ConsoleAutoConfiguration    : H2 console available at '/h2-console'. Database available at 'jdbc:h2:mem:db'
2022-11-09 22:14:24.377  INFO 34702 --- [main] o.hibernate.jpa.internal.util.LogHelper  : HHH000204: Processing PersistenceUnitInfo [name: default]
2022-11-09 22:14:24.516  INFO 34702 --- [main] org.hibernate.Version                    : HHH000412: Hibernate ORM core version 5.6.12.Final
2022-11-09 22:14:25.491  INFO 34702 --- [main] o.hibernate.annotations.common.Version   : HCANN000001: Hibernate Commons Annotations {5.1.2.Final}
2022-11-09 22:14:26.071  INFO 34702 --- [main] org.hibernate.dialect.Dialect            : HHH000400: Using dialect: org.hibernate.dialect.H2Dialect
2022-11-09 22:14:28.887  INFO 34702 --- [main] o.h.e.t.j.p.i.JtaPlatformInitiator       : HHH000490: Using JtaPlatform implementation: [org.hibernate.engine.transaction.jta.platform.internal.NoJtaPlatform]
2022-11-09 22:14:28.906  INFO 34702 --- [main] j.LocalContainerEntityManagerFactoryBean : Initialized JPA EntityManagerFactory for persistence unit 'default'
2022-11-09 22:14:29.965  WARN 34702 --- [main] JpaBaseConfiguration$JpaWebConfiguration : spring.jpa.open-in-view is enabled by default. Therefore, database queries may be performed during view rendering. Explicitly configure spring.jpa.open-in-view to disable this warning
2022-11-09 22:14:31.523  INFO 34702 --- [main] DiscoveryClientOptionalArgsConfiguration : Eureka HTTP Client uses RestTemplate.
2022-11-09 22:14:32.174  WARN 34702 --- [main] iguration$LoadBalancerCaffeineWarnLogger : Spring Cloud LoadBalancer is currently working with the default cache. While this cache implementation is useful for development and tests, it's recommended to use Caffeine cache in production.You can switch to using Caffeine cache, by adding it and org.springframework.cache.caffeine.CaffeineCacheManager to the classpath.
2022-11-09 22:14:32.514  INFO 34702 --- [main] o.s.c.n.eureka.InstanceInfoFactory       : Setting initial instance status as: STARTING
2022-11-09 22:14:32.609  INFO 34702 --- [main] com.netflix.discovery.DiscoveryClient    : Initializing Eureka in region us-east-1
2022-11-09 22:14:32.633  INFO 34702 --- [main] c.n.d.s.r.aws.ConfigClusterResolver      : Resolving eureka endpoints via configuration
2022-11-09 22:14:32.712  INFO 34702 --- [main] com.netflix.discovery.DiscoveryClient    : Disable delta property : false
2022-11-09 22:14:32.723  INFO 34702 --- [main] com.netflix.discovery.DiscoveryClient    : Single vip registry refresh property : null
2022-11-09 22:14:32.723  INFO 34702 --- [main] com.netflix.discovery.DiscoveryClient    : Force full registry fetch : false
2022-11-09 22:14:32.724  INFO 34702 --- [main] com.netflix.discovery.DiscoveryClient    : Application is null : false
2022-11-09 22:14:32.724  INFO 34702 --- [main] com.netflix.discovery.DiscoveryClient    : Registered Applications size is zero : true
2022-11-09 22:14:32.725  INFO 34702 --- [main] com.netflix.discovery.DiscoveryClient    : Application version is -1: true
2022-11-09 22:14:32.725  INFO 34702 --- [main] com.netflix.discovery.DiscoveryClient    : Getting all instance registry info from the eureka server
2022-11-09 22:14:34.899  INFO 34702 --- [main] com.netflix.discovery.DiscoveryClient    : The response status is 200
2022-11-09 22:14:35.144  INFO 34702 --- [main] com.netflix.discovery.DiscoveryClient    : Starting heartbeat executor: renew interval is: 30
2022-11-09 22:14:35.156  INFO 34702 --- [main] c.n.discovery.InstanceInfoReplicator     : InstanceInfoReplicator onDemand update allowed rate per min is 4
2022-11-09 22:14:35.174  INFO 34702 --- [main] com.netflix.discovery.DiscoveryClient    : Discovery Client initialized at timestamp 1668060875173 with initial instances count: 1
2022-11-09 22:14:35.185  INFO 34702 --- [main] o.s.c.n.e.s.EurekaServiceRegistry        : Registering application PAYMENT-SERVICE with eureka with status UP
2022-11-09 22:14:35.188  INFO 34702 --- [main] com.netflix.discovery.DiscoveryClient    : Saw local status change event StatusChangeEvent [timestamp=1668060875188, current=UP, previous=STARTING]
2022-11-09 22:14:35.190  INFO 34702 --- [DiscoveryClient-InstanceInfoReplicator-0] com.netflix.discovery.DiscoveryClient    : DiscoveryClient_PAYMENT-SERVICE/192.168.0.143:PAYMENT-SERVICE:9191: registering service...
2022-11-09 22:14:35.292  INFO 34702 --- [DiscoveryClient-InstanceInfoReplicator-0] com.netflix.discovery.DiscoveryClient    : DiscoveryClient_PAYMENT-SERVICE/192.168.0.143:PAYMENT-SERVICE:9191 - registration status: 204
2022-11-09 22:14:35.318  INFO 34702 --- [main] o.s.b.w.embedded.tomcat.TomcatWebServer  : Tomcat started on port(s): 9191 (http) with context path ''
2022-11-09 22:14:35.319  INFO 34702 --- [main] .s.c.n.e.s.EurekaAutoServiceRegistration : Updating port to 9191
2022-11-09 22:14:35.368  INFO 34702 --- [main] c.h.p.PaymentServiceApplication          : Started PaymentServiceApplication in 26.163 seconds (JVM running for 29.972)
2022-11-09 22:19:32.744  INFO 34702 --- [AsyncResolver-bootstrap-executor-0] c.n.d.s.r.aws.ConfigClusterResolver      : Resolving eureka endpoints via configuration
2022-11-09 22:23:29.798  INFO 34702 --- [http-nio-9191-exec-1] o.a.c.c.C.[Tomcat].[localhost].[/]       : Initializing Spring DispatcherServlet 'dispatcherServlet'
2022-11-09 22:23:29.805  INFO 34702 --- [http-nio-9191-exec-1] o.s.web.servlet.DispatcherServlet        : Initializing Servlet 'dispatcherServlet'
2022-11-09 22:23:29.888  INFO 34702 --- [http-nio-9191-exec-1] o.s.web.servlet.DispatcherServlet        : Completed initialization in 82 ms
2022-11-09 22:23:30.075  INFO 34702 --- [http-nio-9191-exec-1] c.h.p.service.PaymentService             : Payment failed.
2022-11-09 22:23:35.503  INFO 34702 --- [http-nio-9191-exec-2] c.h.p.service.PaymentService             : Payment processed.
2022-11-09 22:24:32.792  INFO 34702 --- [AsyncResolver-bootstrap-executor-0] c.n.d.s.r.aws.ConfigClusterResolver      : Resolving eureka endpoints via configuration
2022-11-09 22:25:58.327  INFO 34702 --- [http-nio-9191-exec-4] c.h.p.service.PaymentService             : Payment processed.
2022-11-09 22:29:32.824  INFO 34702 --- [AsyncResolver-bootstrap-executor-0] c.n.d.s.r.aws.ConfigClusterResolver      : Resolving eureka endpoints via configuration
2022-11-09 22:33:18.529  INFO 34702 --- [http-nio-9191-exec-6] c.h.p.service.PaymentService             : Payment failed.
2022-11-09 22:34:32.846  INFO 34702 --- [AsyncResolver-bootstrap-executor-0] c.n.d.s.r.aws.ConfigClusterResolver      : Resolving eureka endpoints via configuration
2022-11-09 22:36:57.466  INFO 34702 --- [http-nio-9191-exec-8] c.h.p.service.PaymentService             : Payment failed.
2022-11-09 22:37:14.019  INFO 34702 --- [http-nio-9191-exec-9] c.h.p.service.PaymentService             : Payment processed.
2022-11-09 22:37:15.768  INFO 34702 --- [http-nio-9191-exec-10] c.h.p.service.PaymentService             : Payment failed.
2022-11-09 22:39:32.877  INFO 34702 --- [AsyncResolver-bootstrap-executor-0] c.n.d.s.r.aws.ConfigClusterResolver      : Resolving eureka endpoints via configuration
2022-11-09 22:43:46.103  INFO 34702 --- [SpringApplicationShutdownHook] o.s.c.n.e.s.EurekaServiceRegistry        : Unregistering application PAYMENT-SERVICE with eureka with status DOWN
2022-11-09 22:43:46.109  INFO 34702 --- [SpringApplicationShutdownHook] com.netflix.discovery.DiscoveryClient    : Saw local status change event StatusChangeEvent [timestamp=1668062626109, current=DOWN, previous=UP]
2022-11-09 22:43:46.112  INFO 34702 --- [DiscoveryClient-InstanceInfoReplicator-0] com.netflix.discovery.DiscoveryClient    : DiscoveryClient_PAYMENT-SERVICE/192.168.0.143:PAYMENT-SERVICE:9191: registering service...
2022-11-09 22:43:46.173  INFO 34702 --- [DiscoveryClient-InstanceInfoReplicator-0] com.netflix.discovery.DiscoveryClient    : DiscoveryClient_PAYMENT-SERVICE/192.168.0.143:PAYMENT-SERVICE:9191 - registration status: 204
2022-11-09 22:43:46.242  INFO 34702 --- [SpringApplicationShutdownHook] j.LocalContainerEntityManagerFactoryBean : Closing JPA EntityManagerFactory for persistence unit 'default'
2022-11-09 22:43:46.259  INFO 34702 --- [SpringApplicationShutdownHook] .SchemaDropperImpl$DelayedDropActionImpl : HHH000477: Starting delayed evictData of schema as part of SessionFactory shut-down'
2022-11-09 22:43:46.305  INFO 34702 --- [SpringApplicationShutdownHook] com.zaxxer.hikari.HikariDataSource       : HikariPool-1 - Shutdown initiated...
2022-11-09 22:43:46.311  INFO 34702 --- [SpringApplicationShutdownHook] com.zaxxer.hikari.HikariDataSource       : HikariPool-1 - Shutdown completed.
2022-11-09 22:43:46.313  INFO 34702 --- [SpringApplicationShutdownHook] com.netflix.discovery.DiscoveryClient    : Shutting down DiscoveryClient ...
2022-11-09 22:43:49.324  INFO 34702 --- [SpringApplicationShutdownHook] com.netflix.discovery.DiscoveryClient    : Unregistering ...
2022-11-09 22:43:49.341  INFO 34702 --- [SpringApplicationShutdownHook] com.netflix.discovery.DiscoveryClient    : DiscoveryClient_PAYMENT-SERVICE/192.168.0.143:PAYMENT-SERVICE:9191 - deregister  status: 200
2022-11-09 22:43:49.364  INFO 34702 --- [SpringApplicationShutdownHook] com.netflix.discovery.DiscoveryClient    : Completed shut down of DiscoveryClient
